Detecting adapter sequence for read1...
No adapter detected for read1

Detecting adapter sequence for read2...
No adapter detected for read2

Read1 before filtering:
total reads: 26335934
total bases: 2659929334
Q20 bases: 2640996444(99.2882%)
Q30 bases: 2589158155(97.3394%)

Read2 before filtering:
total reads: 26335934
total bases: 2659929334
Q20 bases: 2621909643(98.5707%)
Q30 bases: 2543117329(95.6085%)

Read1 after filtering:
total reads: 26164105
total bases: 2630596194
Q20 bases: 2612564357(99.3145%)
Q30 bases: 2561648344(97.379%)

Read2 after filtering:
total reads: 26164105
total bases: 2630596194
Q20 bases: 2603491873(98.9697%)
Q30 bases: 2527632206(96.0859%)

Filtering result:
reads passed filter: 52328210
reads failed due to low quality: 343524
reads failed due to too many N: 134
reads failed due to too short: 0
reads with adapter trimmed: 1889172
bases trimmed due to adapters: 23963506

Duplication rate: 40.621%

Insert size peak (evaluated by paired-end reads): 141

JSON report: ../biostateai/rawfastq/fastp/Liver_ZT0_1_fastp.json
HTML report: ../biostateai/rawfastq/fastp/Liver_ZT0_1_fastp.html

fastp -i ../biostateai/rawfastq/Liver_ZT0_1_R1.fastq.gz -I ../biostateai/rawfastq/Liver_ZT0_1_R2.fastq.gz -o ../biostateai/rawfastq/fastp/Liver_ZT0_1R1.fastq.gz -O ../biostateai/rawfastq/fastp/Liver_ZT0_1R2.fastq.gz --detect_adapter_for_pe --thread 9 -h ../biostateai/rawfastq/fastp/Liver_ZT0_1_fastp.html -j ../biostateai/rawfastq/fastp/Liver_ZT0_1_fastp.json 
fastp v0.23.2, time used: 59 seconds
