Read1 before filtering:
total reads: 18807831
total bases: 1899590931
Q20 bases: 1884082283(99.1836%)
Q30 bases: 1840956204(96.9133%)

Read2 before filtering:
total reads: 18807831
total bases: 1899590931
Q20 bases: 1873123645(98.6067%)
Q30 bases: 1810690571(95.32%)

Read1 after filtering:
total reads: 18733004
total bases: 1880602618
Q20 bases: 1865723995(99.2088%)
Q30 bases: 1823288311(96.9523%)

Read2 after filtering:
total reads: 18733004
total bases: 1880602618
Q20 bases: 1858788496(98.84%)
Q30 bases: 1797936000(95.6042%)

Filtering result:
reads passed filter: 37466008
reads failed due to low quality: 148810
reads failed due to too many N: 844
reads failed due to too short: 0
reads with adapter trimmed: 1954022
bases trimmed due to adapters: 22867280

Duplication rate: 44.0263%

Insert size peak (evaluated by paired-end reads): 128

JSON report: ../biostateai/rawfastq/fastp/Liver_ZT12_1_fastp.json
HTML report: ../biostateai/rawfastq/fastp/Liver_ZT12_1_fastp.html

fastp -i ../biostateai/rawfastq/Liver_ZT12_1_R1.fastq.gz -I ../biostateai/rawfastq/Liver_ZT12_1_R2.fastq.gz -o ../biostateai/rawfastq/fastp/Liver_ZT12_1_R1.fastq.gz -O ../biostateai/rawfastq/fastp/Liver_ZT12_1_R2.fastq.gz -h ../biostateai/rawfastq/fastp/Liver_ZT12_1_fastp.html -j ../biostateai/rawfastq/fastp/Liver_ZT12_1_fastp.json 
fastp v0.23.2, time used: 39 seconds
