Read1 before filtering:
total reads: 39655191
total bases: 4005174291
Q20 bases: 3974042149(99.2227%)
Q30 bases: 3891924099(97.1724%)

Read2 before filtering:
total reads: 39655191
total bases: 4005174291
Q20 bases: 3936950933(98.2966%)
Q30 bases: 3818539654(95.3402%)

Read1 after filtering:
total reads: 39246723
total bases: 3921718024
Q20 bases: 3893068740(99.2695%)
Q30 bases: 3813412705(97.2383%)

Read2 after filtering:
total reads: 39246723
total bases: 3921718024
Q20 bases: 3879248399(98.9171%)
Q30 bases: 3768634583(96.0965%)

Filtering result:
reads passed filter: 78493446
reads failed due to low quality: 816450
reads failed due to too many N: 486
reads failed due to too short: 0
reads with adapter trimmed: 5665258
bases trimmed due to adapters: 84432666

Duplication rate: 39.2262%

Insert size peak (evaluated by paired-end reads): 130

JSON report: ../biostateai/rawfastq/fastp/Heart_ZT0_1_fastp.json
HTML report: ../biostateai/rawfastq/fastp/Heart_ZT0_1_fastp.html

fastp -i ../biostateai/rawfastq/Heart_ZT0_1_R1.fastq.gz -I ../biostateai/rawfastq/Heart_ZT0_1_R2.fastq.gz -o ../biostateai/rawfastq/fastp/Heart_ZT0_1_R1.fastq.gz -O ../biostateai/rawfastq/fastp/Heart_ZT0_1_R2.fastq.gz -h ../biostateai/rawfastq/fastp/Heart_ZT0_1_fastp.html -j ../biostateai/rawfastq/fastp/Heart_ZT0_1_fastp.json 
fastp v0.23.2, time used: 85 seconds
