[2024-10-25 03:35:29,040] multiqc                                            [DEBUG  ]  This is MultiQC v1.18
[2024-10-25 03:35:29,040] multiqc                                            [DEBUG  ]  Command used: /usr/bin/multiqc -o ../biostateai/rawfastq/fastp/qcreportstrim ../biostateai/rawfastq/fastp/qcreportstrim/Heart_ZT0_1R1_fastqc.zip ../biostateai/rawfastq/fastp/qcreportstrim/Heart_ZT0_1R2_fastqc.zip ../biostateai/rawfastq/fastp/qcreportstrim/Heart_ZT0_2R1_fastqc.zip ../biostateai/rawfastq/fastp/qcreportstrim/Heart_ZT0_2R2_fastqc.zip ../biostateai/rawfastq/fastp/qcreportstrim/Heart_ZT12_1R1_fastqc.zip ../biostateai/rawfastq/fastp/qcreportstrim/Heart_ZT12_1R2_fastqc.zip ../biostateai/rawfastq/fastp/qcreportstrim/Heart_ZT12_2R1_fastqc.zip ../biostateai/rawfastq/fastp/qcreportstrim/Heart_ZT12_2R2_fastqc.zip ../biostateai/rawfastq/fastp/qcreportstrim/Liver_ZT12_1R1_fastqc.zip ../biostateai/rawfastq/fastp/qcreportstrim/Liver_ZT12_1R2_fastqc.zip
[2024-10-25 03:35:29,987] multiqc                                            [WARNING]  MultiQC Version v1.25.1 now available!
[2024-10-25 03:35:29,987] multiqc                                            [DEBUG  ]  Working dir : /home/rgitbt/Desktop/RNAgunjan/biostateai
[2024-10-25 03:35:29,988] multiqc                                            [DEBUG  ]  Template    : default
[2024-10-25 03:35:29,988] multiqc                                            [DEBUG  ]  Running Python 3.12.3 (main, Jul 31 2024, 17:43:48) [GCC 13.2.0]
[2024-10-25 03:35:29,988] multiqc                                            [DEBUG  ]  Analysing modules: custom_content, ccs, ngsderive, purple, conpair, lima, peddy, somalier, methylQA, mosdepth, phantompeakqualtools, qualimap, preseq, hifiasm, quast, qorts, rna_seqc, rockhopper, rsem, rseqc, busco, bustools, goleft_indexcov, gffcompare, disambiguate, supernova, deeptools, sargasso, verifybamid, mirtrace, happy, mirtop, sambamba, gopeaks, homer, hops, macs2, theta2, snpeff, gatk, htseq, bcftools, featureCounts, fgbio, dragen, dragen_fastqc, dedup, pbmarkdup, damageprofiler, mapdamage, biobambam2, jcvi, mtnucratio, picard, vep, bakta, prokka, qc3C, nanostat, samblaster, samtools, sexdeterrmine, seqera_cli, eigenstratdatabasetools, bamtools, jellyfish, vcftools, longranger, stacks, varscan2, snippy, umitools, truvari, bbmap, bismark, biscuit, diamond, hicexplorer, hicup, hicpro, salmon, kallisto, slamdunk, star, hisat2, tophat, bowtie2, bowtie1, cellranger, snpsplit, odgi, pangolin, nextclade, freyja, humid, kat, leehom, librarian, adapterRemoval, bbduk, clipandmerge, cutadapt, flexbar, sourmash, kaiju, bracken, kraken, malt, motus, trimmomatic, sickle, skewer, sortmerna, biobloomtools, fastq_screen, afterqc, fastp, fastqc, filtlong, prinseqplusplus, pychopper, porechop, pycoqc, minionqc, anglerfish, multivcfanalyzer, clusterflow, checkqc, bcl2fastq, bclconvert, interop, ivar, flash, seqyclean, optitype, whatshap, xenome, xengsort
[2024-10-25 03:35:29,996] multiqc                                            [DEBUG  ]  Using temporary directory for creating report: /tmp/tmpnn4yhwem
[2024-10-25 03:35:29,998] multiqc                                            [INFO   ]  Search path : /home/rgitbt/Desktop/RNAgunjan/biostateai/rawfastq/fastp/qcreportstrim/Heart_ZT0_1R1_fastqc.zip
[2024-10-25 03:35:29,998] multiqc                                            [INFO   ]  Search path : /home/rgitbt/Desktop/RNAgunjan/biostateai/rawfastq/fastp/qcreportstrim/Heart_ZT0_1R2_fastqc.zip
[2024-10-25 03:35:29,998] multiqc                                            [INFO   ]  Search path : /home/rgitbt/Desktop/RNAgunjan/biostateai/rawfastq/fastp/qcreportstrim/Heart_ZT0_2R1_fastqc.zip
[2024-10-25 03:35:29,998] multiqc                                            [INFO   ]  Search path : /home/rgitbt/Desktop/RNAgunjan/biostateai/rawfastq/fastp/qcreportstrim/Heart_ZT0_2R2_fastqc.zip
[2024-10-25 03:35:29,998] multiqc                                            [INFO   ]  Search path : /home/rgitbt/Desktop/RNAgunjan/biostateai/rawfastq/fastp/qcreportstrim/Heart_ZT12_1R1_fastqc.zip
[2024-10-25 03:35:29,998] multiqc                                            [INFO   ]  Search path : /home/rgitbt/Desktop/RNAgunjan/biostateai/rawfastq/fastp/qcreportstrim/Heart_ZT12_1R2_fastqc.zip
[2024-10-25 03:35:29,998] multiqc                                            [INFO   ]  Search path : /home/rgitbt/Desktop/RNAgunjan/biostateai/rawfastq/fastp/qcreportstrim/Heart_ZT12_2R1_fastqc.zip
[2024-10-25 03:35:29,998] multiqc                                            [INFO   ]  Search path : /home/rgitbt/Desktop/RNAgunjan/biostateai/rawfastq/fastp/qcreportstrim/Heart_ZT12_2R2_fastqc.zip
[2024-10-25 03:35:29,998] multiqc                                            [INFO   ]  Search path : /home/rgitbt/Desktop/RNAgunjan/biostateai/rawfastq/fastp/qcreportstrim/Liver_ZT12_1R1_fastqc.zip
[2024-10-25 03:35:29,998] multiqc                                            [INFO   ]  Search path : /home/rgitbt/Desktop/RNAgunjan/biostateai/rawfastq/fastp/qcreportstrim/Liver_ZT12_1R2_fastqc.zip
[2024-10-25 03:35:30,024] multiqc                                            [DEBUG  ]  Summary of files that were skipped by the search: []
[2024-10-25 03:35:30,225] multiqc.plots.bargraph                             [DEBUG  ]  Using matplotlib version 3.6.3
[2024-10-25 03:35:30,226] multiqc.plots.linegraph                            [DEBUG  ]  Using matplotlib version 3.6.3
[2024-10-25 03:35:30,226] multiqc                                            [DEBUG  ]  No samples found: custom_content
[2024-10-25 03:35:30,238] multiqc.modules.fastqc.fastqc                      [INFO   ]  Found 10 reports
[2024-10-25 03:35:30,281] multiqc.utils.software_versions                    [DEBUG  ]  Reading software versions from config.software_versions
[2024-10-25 03:35:30,286] multiqc                                            [DEBUG  ]  Compressing plot data
[2024-10-25 03:35:30,342] multiqc                                            [INFO   ]  Report      : rawfastq/fastp/qcreportstrim/multiqc_report.html
[2024-10-25 03:35:30,342] multiqc                                            [INFO   ]  Data        : rawfastq/fastp/qcreportstrim/multiqc_data
[2024-10-25 03:35:30,342] multiqc                                            [DEBUG  ]  Moving data file from '/tmp/tmpnn4yhwem/multiqc_data' to '../biostateai/rawfastq/fastp/qcreportstrim/multiqc_data'
[2024-10-25 03:35:30,343] multiqc                                            [DEBUG  ]  Full report path: /home/rgitbt/Desktop/RNAgunjan/biostateai/rawfastq/fastp/qcreportstrim/multiqc_report.html
[2024-10-25 03:35:30,373] multiqc                                            [ERROR  ]  Could not include file 'assets/js/packages/jszip.min.js': [Errno 2] No such file or directory: '/tmp/tmpnn4yhwem/assets/js/packages/jszip.min.js'
[2024-10-25 03:35:30,414] multiqc                                            [INFO   ]  MultiQC complete
