[2024-10-25 02:23:46,559] multiqc                                            [DEBUG  ]  This is MultiQC v1.18
[2024-10-25 02:23:46,560] multiqc                                            [DEBUG  ]  Command used: /usr/bin/multiqc -o ../biostateai/rawfastq/qcreports ../biostateai/rawfastq/qcreports/Heart_ZT0_1_R1_fastqc.zip ../biostateai/rawfastq/qcreports/Heart_ZT0_1_R2_fastqc.zip ../biostateai/rawfastq/qcreports/Heart_ZT0_2_R1_fastqc.zip ../biostateai/rawfastq/qcreports/Heart_ZT0_2_R2_fastqc.zip ../biostateai/rawfastq/qcreports/Heart_ZT12_1_R1_fastqc.zip ../biostateai/rawfastq/qcreports/Heart_ZT12_1_R2_fastqc.zip ../biostateai/rawfastq/qcreports/Heart_ZT12_2_R1_fastqc.zip ../biostateai/rawfastq/qcreports/Heart_ZT12_2_R2_fastqc.zip ../biostateai/rawfastq/qcreports/Liver_ZT0_1_R1_fastqc.zip ../biostateai/rawfastq/qcreports/Liver_ZT0_1_R2_fastqc.zip ../biostateai/rawfastq/qcreports/Liver_ZT0_2_R1_fastqc.zip ../biostateai/rawfastq/qcreports/Liver_ZT0_2_R2_fastqc.zip ../biostateai/rawfastq/qcreports/Liver_ZT12_1_R1_fastqc.zip ../biostateai/rawfastq/qcreports/Liver_ZT12_1_R2_fastqc.zip ../biostateai/rawfastq/qcreports/Liver_ZT12_2_R1_fastqc.zip ../biostateai/rawfastq/qcreports/Liver_ZT12_2_R2_fastqc.zip
[2024-10-25 02:23:47,676] multiqc                                            [WARNING]  MultiQC Version v1.25.1 now available!
[2024-10-25 02:23:47,676] multiqc                                            [DEBUG  ]  Working dir : /home/rgitbt/Desktop/RNAgunjan/biostateai
[2024-10-25 02:23:47,676] multiqc                                            [DEBUG  ]  Template    : default
[2024-10-25 02:23:47,676] multiqc                                            [DEBUG  ]  Running Python 3.12.3 (main, Jul 31 2024, 17:43:48) [GCC 13.2.0]
[2024-10-25 02:23:47,677] multiqc                                            [DEBUG  ]  Analysing modules: custom_content, ccs, ngsderive, purple, conpair, lima, peddy, somalier, methylQA, mosdepth, phantompeakqualtools, qualimap, preseq, hifiasm, quast, qorts, rna_seqc, rockhopper, rsem, rseqc, busco, bustools, goleft_indexcov, gffcompare, disambiguate, supernova, deeptools, sargasso, verifybamid, mirtrace, happy, mirtop, sambamba, gopeaks, homer, hops, macs2, theta2, snpeff, gatk, htseq, bcftools, featureCounts, fgbio, dragen, dragen_fastqc, dedup, pbmarkdup, damageprofiler, mapdamage, biobambam2, jcvi, mtnucratio, picard, vep, bakta, prokka, qc3C, nanostat, samblaster, samtools, sexdeterrmine, seqera_cli, eigenstratdatabasetools, bamtools, jellyfish, vcftools, longranger, stacks, varscan2, snippy, umitools, truvari, bbmap, bismark, biscuit, diamond, hicexplorer, hicup, hicpro, salmon, kallisto, slamdunk, star, hisat2, tophat, bowtie2, bowtie1, cellranger, snpsplit, odgi, pangolin, nextclade, freyja, humid, kat, leehom, librarian, adapterRemoval, bbduk, clipandmerge, cutadapt, flexbar, sourmash, kaiju, bracken, kraken, malt, motus, trimmomatic, sickle, skewer, sortmerna, biobloomtools, fastq_screen, afterqc, fastp, fastqc, filtlong, prinseqplusplus, pychopper, porechop, pycoqc, minionqc, anglerfish, multivcfanalyzer, clusterflow, checkqc, bcl2fastq, bclconvert, interop, ivar, flash, seqyclean, optitype, whatshap, xenome, xengsort
[2024-10-25 02:23:47,677] multiqc                                            [DEBUG  ]  Using temporary directory for creating report: /tmp/tmp9l_d0t8b
[2024-10-25 02:23:47,686] multiqc                                            [INFO   ]  Search path : /home/rgitbt/Desktop/RNAgunjan/biostateai/rawfastq/qcreports/Heart_ZT0_1_R1_fastqc.zip
[2024-10-25 02:23:47,686] multiqc                                            [INFO   ]  Search path : /home/rgitbt/Desktop/RNAgunjan/biostateai/rawfastq/qcreports/Heart_ZT0_1_R2_fastqc.zip
[2024-10-25 02:23:47,687] multiqc                                            [INFO   ]  Search path : /home/rgitbt/Desktop/RNAgunjan/biostateai/rawfastq/qcreports/Heart_ZT0_2_R1_fastqc.zip
[2024-10-25 02:23:47,687] multiqc                                            [INFO   ]  Search path : /home/rgitbt/Desktop/RNAgunjan/biostateai/rawfastq/qcreports/Heart_ZT0_2_R2_fastqc.zip
[2024-10-25 02:23:47,687] multiqc                                            [INFO   ]  Search path : /home/rgitbt/Desktop/RNAgunjan/biostateai/rawfastq/qcreports/Heart_ZT12_1_R1_fastqc.zip
[2024-10-25 02:23:47,687] multiqc                                            [INFO   ]  Search path : /home/rgitbt/Desktop/RNAgunjan/biostateai/rawfastq/qcreports/Heart_ZT12_1_R2_fastqc.zip
[2024-10-25 02:23:47,687] multiqc                                            [INFO   ]  Search path : /home/rgitbt/Desktop/RNAgunjan/biostateai/rawfastq/qcreports/Heart_ZT12_2_R1_fastqc.zip
[2024-10-25 02:23:47,687] multiqc                                            [INFO   ]  Search path : /home/rgitbt/Desktop/RNAgunjan/biostateai/rawfastq/qcreports/Heart_ZT12_2_R2_fastqc.zip
[2024-10-25 02:23:47,687] multiqc                                            [INFO   ]  Search path : /home/rgitbt/Desktop/RNAgunjan/biostateai/rawfastq/qcreports/Liver_ZT0_1_R1_fastqc.zip
[2024-10-25 02:23:47,687] multiqc                                            [INFO   ]  Search path : /home/rgitbt/Desktop/RNAgunjan/biostateai/rawfastq/qcreports/Liver_ZT0_1_R2_fastqc.zip
[2024-10-25 02:23:47,687] multiqc                                            [INFO   ]  Search path : /home/rgitbt/Desktop/RNAgunjan/biostateai/rawfastq/qcreports/Liver_ZT0_2_R1_fastqc.zip
[2024-10-25 02:23:47,687] multiqc                                            [INFO   ]  Search path : /home/rgitbt/Desktop/RNAgunjan/biostateai/rawfastq/qcreports/Liver_ZT0_2_R2_fastqc.zip
[2024-10-25 02:23:47,687] multiqc                                            [INFO   ]  Search path : /home/rgitbt/Desktop/RNAgunjan/biostateai/rawfastq/qcreports/Liver_ZT12_1_R1_fastqc.zip
[2024-10-25 02:23:47,687] multiqc                                            [INFO   ]  Search path : /home/rgitbt/Desktop/RNAgunjan/biostateai/rawfastq/qcreports/Liver_ZT12_1_R2_fastqc.zip
[2024-10-25 02:23:47,687] multiqc                                            [INFO   ]  Search path : /home/rgitbt/Desktop/RNAgunjan/biostateai/rawfastq/qcreports/Liver_ZT12_2_R1_fastqc.zip
[2024-10-25 02:23:47,687] multiqc                                            [INFO   ]  Search path : /home/rgitbt/Desktop/RNAgunjan/biostateai/rawfastq/qcreports/Liver_ZT12_2_R2_fastqc.zip
[2024-10-25 02:23:47,710] multiqc                                            [DEBUG  ]  Summary of files that were skipped by the search: []
[2024-10-25 02:23:47,906] multiqc.plots.bargraph                             [DEBUG  ]  Using matplotlib version 3.6.3
[2024-10-25 02:23:47,906] multiqc.plots.linegraph                            [DEBUG  ]  Using matplotlib version 3.6.3
[2024-10-25 02:23:47,907] multiqc                                            [DEBUG  ]  No samples found: custom_content
[2024-10-25 02:23:47,925] multiqc.modules.fastqc.fastqc                      [INFO   ]  Found 16 reports
[2024-10-25 02:23:47,972] multiqc.utils.software_versions                    [DEBUG  ]  Reading software versions from config.software_versions
[2024-10-25 02:23:47,980] multiqc                                            [DEBUG  ]  Compressing plot data
[2024-10-25 02:23:48,082] multiqc                                            [INFO   ]  Report      : rawfastq/qcreports/multiqc_report.html
[2024-10-25 02:23:48,082] multiqc                                            [INFO   ]  Data        : rawfastq/qcreports/multiqc_data
[2024-10-25 02:23:48,082] multiqc                                            [DEBUG  ]  Moving data file from '/tmp/tmp9l_d0t8b/multiqc_data' to '../biostateai/rawfastq/qcreports/multiqc_data'
[2024-10-25 02:23:48,083] multiqc                                            [DEBUG  ]  Full report path: /home/rgitbt/Desktop/RNAgunjan/biostateai/rawfastq/qcreports/multiqc_report.html
[2024-10-25 02:23:48,109] multiqc                                            [ERROR  ]  Could not include file 'assets/js/packages/jszip.min.js': [Errno 2] No such file or directory: '/tmp/tmp9l_d0t8b/assets/js/packages/jszip.min.js'
[2024-10-25 02:23:48,138] multiqc                                            [INFO   ]  MultiQC complete
